<?xml version="1.0" encoding="UTF-8"?>
<!-- Generated by org.testng.reporters.JUnitReportReporter -->
<testsuite hostname="RI704799-3.local" failures="0" tests="1" name="testSuites.Test_Login" time="25.469" errors="0" timestamp="2022-12-29T17:43:51 CLST" skipped="0">
  <testcase classname="testSuites.Test_Login" name="CPA0001_Login_Valido" time="25.469"/>
  <system-out/>
</testsuite> <!-- testSuites.Test_Login -->
